  blk_prediction.c
  config_common.c
  img_io.c
F:\JM-decode\JM_decode\JM-JM-19.0\JM-JM-19.0\ldecod\inc\contributors.h(1,1): warning C4819: 该文件包含不能在当前代码页(936)中表示的字符。请将该文件保存为 Unicode 格式以防止数据丢失 (编译源文件 lcommon\src\blk_prediction.c)
  img_process.c
  input.c
  io_raw.c
  io_tiff.c
F:\JM-decode\JM_decode\JM-JM-19.0\JM-JM-19.0\ldecod\inc\contributors.h(1,1): warning C4819: 该文件包含不能在当前代码页(936)中表示的字符。请将该文件保存为 Unicode 格式以防止数据丢失 (编译源文件 lcommon\src\img_io.c)
  mbuffer_common.c
F:\JM-decode\JM_decode\JM-JM-19.0\JM-JM-19.0\ldecod\inc\contributors.h(1,1): warning C4819: 该文件包含不能在当前代码页(936)中表示的字符。请将该文件保存为 Unicode 格式以防止数据丢失 (编译源文件 lcommon\src\img_process.c)
F:\JM-decode\JM_decode\JM-JM-19.0\JM-JM-19.0\ldecod\inc\contributors.h(1,1): warning C4819: 该文件包含不能在当前代码页(936)中表示的字符。请将该文件保存为 Unicode 格式以防止数据丢失 (编译源文件 lcommon\src\io_raw.c)
F:\JM-decode\JM_decode\JM-JM-19.0\JM-JM-19.0\ldecod\inc\contributors.h(1,1): warning C4819: 该文件包含不能在当前代码页(936)中表示的字符。请将该文件保存为 Unicode 格式以防止数据丢失 (编译源文件 lcommon\src\input.c)
F:\JM-decode\JM_decode\JM-JM-19.0\JM-JM-19.0\ldecod\inc\contributors.h(1,1): warning C4819: 该文件包含不能在当前代码页(936)中表示的字符。请将该文件保存为 Unicode 格式以防止数据丢失 (编译源文件 lcommon\src\io_tiff.c)
F:\JM-decode\JM_decode\JM-JM-19.0\JM-JM-19.0\ldecod\inc\contributors.h(1,1): warning C4819: 该文件包含不能在当前代码页(936)中表示的字符。请将该文件保存为 Unicode 格式以防止数据丢失 (编译源文件 lcommon\src\io_tiff.c)
F:\JM-decode\JM_decode\JM-JM-19.0\JM-JM-19.0\ldecod\inc\contributors.h(1,1): warning C4819: 该文件包含不能在当前代码页(936)中表示的字符。请将该文件保存为 Unicode 格式以防止数据丢失 (编译源文件 lcommon\src\img_io.c)
  memalloc.c
  mv_prediction.c
  nalucommon.c
  parsetcommon.c
  transform.c
  win32.c
  annexb.c
  biaridecod.c
  block.c
F:\JM-decode\JM_decode\JM-JM-19.0\JM-JM-19.0\ldecod\inc\contributors.h(1,1): warning C4819: 该文件包含不能在当前代码页(936)中表示的字符。请将该文件保存为 Unicode 格式以防止数据丢失 (编译源文件 ldecod\src\block.c)
  cabac.c
  configfile.c
  context_ini.c
  dec_statistics.c
  decoder_test.c
F:\JM-decode\JM_decode\JM-JM-19.0\JM-JM-19.0\ldecod\inc\contributors.h(1,1): warning C4819: 该文件包含不能在当前代码页(936)中表示的字符。请将该文件保存为 Unicode 格式以防止数据丢失 (编译源文件 ldecod\src\decoder_test.c)
  erc_api.c
  erc_do_i.c
  erc_do_p.c
  errorconcealment.c
  filehandle.c
F:\JM-decode\JM_decode\JM-JM-19.0\JM-JM-19.0\ldecod\inc\contributors.h(1,1): warning C4819: 该文件包含不能在当前代码页(936)中表示的字符。请将该文件保存为 Unicode 格式以防止数据丢失 (编译源文件 ldecod\src\errorconcealment.c)
  fmo.c
F:\JM-decode\JM_decode\JM-JM-19.0\JM-JM-19.0\ldecod\inc\contributors.h(1,1): warning C4819: 该文件包含不能在当前代码页(936)中表示的字符。请将该文件保存为 Unicode 格式以防止数据丢失 (编译源文件 ldecod\src\filehandle.c)
  header.c
  image.c
  intra16x16_pred.c
F:\JM-decode\JM_decode\JM-JM-19.0\JM-JM-19.0\ldecod\inc\contributors.h(1,1): warning C4819: 该文件包含不能在当前代码页(936)中表示的字符。请将该文件保存为 Unicode 格式以防止数据丢失 (编译源文件 ldecod\src\image.c)
  intra16x16_pred_mbaff.c
  intra16x16_pred_normal.c
  intra4x4_pred.c
  intra4x4_pred_mbaff.c
  intra4x4_pred_normal.c
  intra8x8_pred.c
F:\JM-decode\JM_decode\JM-JM-19.0\JM-JM-19.0\ldecod\src\image.c(977,7): warning C4033: “decode_one_frame”必须返回值
F:\JM-decode\JM_decode\JM-JM-19.0\JM-JM-19.0\ldecod\src\image.c(984,58): warning C4244: “=”: 从“imgpel”转换到“unsigned char”，可能丢失数据
  intra8x8_pred_mbaff.c
F:\JM-decode\JM_decode\JM-JM-19.0\JM-JM-19.0\ldecod\src\image.c(996): warning C4715: “decode_one_frame”: 不是所有的控件路径都返回值
  intra8x8_pred_normal.c
  intra_chroma_pred.c
  intra_chroma_pred_mbaff.c
  intra_pred_common.c
  ldecod.c
F:\JM-decode\JM_decode\JM-JM-19.0\JM-JM-19.0\ldecod\inc\contributors.h(1,1): warning C4819: 该文件包含不能在当前代码页(936)中表示的字符。请将该文件保存为 Unicode 格式以防止数据丢失 (编译源文件 ldecod\src\ldecod.c)
  leaky_bucket.c
F:\JM-decode\JM_decode\JM-JM-19.0\JM-JM-19.0\ldecod\inc\contributors.h(1,1): warning C4819: 该文件包含不能在当前代码页(936)中表示的字符。请将该文件保存为 Unicode 格式以防止数据丢失 (编译源文件 ldecod\src\leaky_bucket.c)
  loopFilter.c
  loop_filter_mbaff.c
  loop_filter_normal.c
  macroblock.c
F:\JM-decode\JM_decode\JM-JM-19.0\JM-JM-19.0\ldecod\inc\contributors.h(1,1): warning C4819: 该文件包含不能在当前代码页(936)中表示的字符。请将该文件保存为 Unicode 格式以防止数据丢失 (编译源文件 ldecod\src\macroblock.c)
  mb_access.c
  mb_prediction.c
F:\JM-decode\JM_decode\JM-JM-19.0\JM-JM-19.0\ldecod\inc\contributors.h(1,1): warning C4819: 该文件包含不能在当前代码页(936)中表示的字符。请将该文件保存为 Unicode 格式以防止数据丢失 (编译源文件 ldecod\src\mb_prediction.c)
  mb_read.c
F:\JM-decode\JM_decode\JM-JM-19.0\JM-JM-19.0\ldecod\inc\contributors.h(1,1): warning C4819: 该文件包含不能在当前代码页(936)中表示的字符。请将该文件保存为 Unicode 格式以防止数据丢失 (编译源文件 ldecod\src\mb_read.c)
  mbuffer.c
  mbuffer_mvc.c
F:\JM-decode\JM_decode\JM-JM-19.0\JM-JM-19.0\ldecod\inc\contributors.h(1,1): warning C4819: 该文件包含不能在当前代码页(936)中表示的字符。请将该文件保存为 Unicode 格式以防止数据丢失 (编译源文件 ldecod\src\macroblock.c)
  mc_direct.c
  mc_prediction.c
  nal.c
F:\JM-decode\JM_decode\JM-JM-19.0\JM-JM-19.0\ldecod\inc\contributors.h(1,1): warning C4819: 该文件包含不能在当前代码页(936)中表示的字符。请将该文件保存为 Unicode 格式以防止数据丢失 (编译源文件 ldecod\src\nal.c)
  nalu.c
  output.c
F:\JM-decode\JM_decode\JM-JM-19.0\JM-JM-19.0\ldecod\inc\contributors.h(1,1): warning C4819: 该文件包含不能在当前代码页(936)中表示的字符。请将该文件保存为 Unicode 格式以防止数据丢失 (编译源文件 ldecod\src\output.c)
F:\JM-decode\JM_decode\JM-JM-19.0\JM-JM-19.0\ldecod\inc\contributors.h(1,1): warning C4819: 该文件包含不能在当前代码页(936)中表示的字符。请将该文件保存为 Unicode 格式以防止数据丢失 (编译源文件 ldecod\src\mb_read.c)
  parset.c
  quant.c
F:\JM-decode\JM_decode\JM-JM-19.0\JM-JM-19.0\ldecod\inc\contributors.h(1,1): warning C4819: 该文件包含不能在当前代码页(936)中表示的字符。请将该文件保存为 Unicode 格式以防止数据丢失 (编译源文件 ldecod\src\quant.c)
  read_comp_cabac.c
  read_comp_cavlc.c
F:\JM-decode\JM_decode\JM-JM-19.0\JM-JM-19.0\ldecod\inc\contributors.h(1,1): warning C4819: 该文件包含不能在当前代码页(936)中表示的字符。请将该文件保存为 Unicode 格式以防止数据丢失 (编译源文件 ldecod\src\read_comp_cabac.c)
F:\JM-decode\JM_decode\JM-JM-19.0\JM-JM-19.0\ldecod\inc\contributors.h(1,1): warning C4819: 该文件包含不能在当前代码页(936)中表示的字符。请将该文件保存为 Unicode 格式以防止数据丢失 (编译源文件 ldecod\src\read_comp_cavlc.c)
F:\JM-decode\JM_decode\JM-JM-19.0\JM-JM-19.0\ldecod\src\mc_prediction.c(914,70): warning C4244: “=”: 从“imgpel”转换到“unsigned char”，可能丢失数据
F:\JM-decode\JM_decode\JM-JM-19.0\JM-JM-19.0\ldecod\src\mc_prediction.c(940,70): warning C4244: “=”: 从“imgpel”转换到“unsigned char”，可能丢失数据
  rtp.c
  sei.c
F:\JM-decode\JM_decode\JM-JM-19.0\JM-JM-19.0\ldecod\inc\contributors.h(1,1): warning C4819: 该文件包含不能在当前代码页(936)中表示的字符。请将该文件保存为 Unicode 格式以防止数据丢失 (编译源文件 ldecod\src\sei.c)
  transform8x8.c
  vlc.c
F:\JM-decode\JM_decode\JM-JM-19.0\JM-JM-19.0\ldecod\inc\contributors.h(1,1): warning C4819: 该文件包含不能在当前代码页(936)中表示的字符。请将该文件保存为 Unicode 格式以防止数据丢失 (编译源文件 ldecod\src\vlc.c)
F:\JM-decode\JM_decode\JM-JM-19.0\JM-JM-19.0\ldecod\inc\contributors.h(1,1): warning C4819: 该文件包含不能在当前代码页(936)中表示的字符。请将该文件保存为 Unicode 格式以防止数据丢失 (编译源文件 ldecod\src\rtp.c)
  ldecod_vc11.vcxproj -> F:\JM-decode\JM_decode\JM-JM-19.0\JM-JM-19.0\bin\ldecod.exe
