f:\jm-decode\jm_decode\jm-jm-19.0\jm-jm-19.0\bin\ldecod.bsc
f:\jm-decode\jm_decode\jm-jm-19.0\jm-jm-19.0\ldecod\debug_x64_vc11\loopfilter.sbr
f:\jm-decode\jm_decode\jm-jm-19.0\jm-jm-19.0\ldecod\debug_x64_vc11\loopfilter.obj
f:\jm-decode\jm_decode\jm-jm-19.0\jm-jm-19.0\ldecod\debug_x64_vc11\image.sbr
f:\jm-decode\jm_decode\jm-jm-19.0\jm-jm-19.0\ldecod\debug_x64_vc11\image.obj
f:\jm-decode\jm_decode\jm-jm-19.0\jm-jm-19.0\ldecod\debug_x64_vc11\parset.sbr
f:\jm-decode\jm_decode\jm-jm-19.0\jm-jm-19.0\ldecod\debug_x64_vc11\parset.obj
f:\jm-decode\jm_decode\jm-jm-19.0\jm-jm-19.0\ldecod\debug_x64_vc11\sei.sbr
f:\jm-decode\jm_decode\jm-jm-19.0\jm-jm-19.0\ldecod\debug_x64_vc11\sei.obj
f:\jm-decode\jm_decode\jm-jm-19.0\jm-jm-19.0\ldecod\debug_x64_vc11\io_tiff.sbr
f:\jm-decode\jm_decode\jm-jm-19.0\jm-jm-19.0\ldecod\debug_x64_vc11\io_tiff.obj
f:\jm-decode\jm_decode\jm-jm-19.0\jm-jm-19.0\ldecod\debug_x64_vc11\parsetcommon.sbr
f:\jm-decode\jm_decode\jm-jm-19.0\jm-jm-19.0\ldecod\debug_x64_vc11\parsetcommon.obj
f:\jm-decode\jm_decode\jm-jm-19.0\jm-jm-19.0\ldecod\debug_x64_vc11\dec_statistics.sbr
f:\jm-decode\jm_decode\jm-jm-19.0\jm-jm-19.0\ldecod\debug_x64_vc11\dec_statistics.obj
f:\jm-decode\jm_decode\jm-jm-19.0\jm-jm-19.0\ldecod\debug_x64_vc11\filehandle.sbr
f:\jm-decode\jm_decode\jm-jm-19.0\jm-jm-19.0\ldecod\debug_x64_vc11\filehandle.obj
f:\jm-decode\jm_decode\jm-jm-19.0\jm-jm-19.0\ldecod\debug_x64_vc11\intra16x16_pred_normal.sbr
f:\jm-decode\jm_decode\jm-jm-19.0\jm-jm-19.0\ldecod\debug_x64_vc11\intra16x16_pred_normal.obj
f:\jm-decode\jm_decode\jm-jm-19.0\jm-jm-19.0\ldecod\debug_x64_vc11\loop_filter_mbaff.sbr
f:\jm-decode\jm_decode\jm-jm-19.0\jm-jm-19.0\ldecod\debug_x64_vc11\loop_filter_mbaff.obj
f:\jm-decode\jm_decode\jm-jm-19.0\jm-jm-19.0\ldecod\debug_x64_vc11\nal.sbr
f:\jm-decode\jm_decode\jm-jm-19.0\jm-jm-19.0\ldecod\debug_x64_vc11\nal.obj
f:\jm-decode\jm_decode\jm-jm-19.0\jm-jm-19.0\ldecod\debug_x64_vc11\read_comp_cavlc.sbr
f:\jm-decode\jm_decode\jm-jm-19.0\jm-jm-19.0\ldecod\debug_x64_vc11\read_comp_cavlc.obj
f:\jm-decode\jm_decode\jm-jm-19.0\jm-jm-19.0\ldecod\debug_x64_vc11\img_io.sbr
f:\jm-decode\jm_decode\jm-jm-19.0\jm-jm-19.0\ldecod\debug_x64_vc11\img_io.obj
f:\jm-decode\jm_decode\jm-jm-19.0\jm-jm-19.0\ldecod\debug_x64_vc11\memalloc.sbr
f:\jm-decode\jm_decode\jm-jm-19.0\jm-jm-19.0\ldecod\debug_x64_vc11\memalloc.obj
f:\jm-decode\jm_decode\jm-jm-19.0\jm-jm-19.0\ldecod\debug_x64_vc11\block.sbr
f:\jm-decode\jm_decode\jm-jm-19.0\jm-jm-19.0\ldecod\debug_x64_vc11\block.obj
f:\jm-decode\jm_decode\jm-jm-19.0\jm-jm-19.0\ldecod\debug_x64_vc11\erc_do_p.sbr
f:\jm-decode\jm_decode\jm-jm-19.0\jm-jm-19.0\ldecod\debug_x64_vc11\erc_do_p.obj
f:\jm-decode\jm_decode\jm-jm-19.0\jm-jm-19.0\ldecod\debug_x64_vc11\intra4x4_pred_normal.sbr
f:\jm-decode\jm_decode\jm-jm-19.0\jm-jm-19.0\ldecod\debug_x64_vc11\intra4x4_pred_normal.obj
f:\jm-decode\jm_decode\jm-jm-19.0\jm-jm-19.0\ldecod\debug_x64_vc11\intra_pred_common.sbr
f:\jm-decode\jm_decode\jm-jm-19.0\jm-jm-19.0\ldecod\debug_x64_vc11\intra_pred_common.obj
f:\jm-decode\jm_decode\jm-jm-19.0\jm-jm-19.0\ldecod\debug_x64_vc11\mb_access.sbr
f:\jm-decode\jm_decode\jm-jm-19.0\jm-jm-19.0\ldecod\debug_x64_vc11\mb_access.obj
f:\jm-decode\jm_decode\jm-jm-19.0\jm-jm-19.0\ldecod\debug_x64_vc11\output.sbr
f:\jm-decode\jm_decode\jm-jm-19.0\jm-jm-19.0\ldecod\debug_x64_vc11\output.obj
f:\jm-decode\jm_decode\jm-jm-19.0\jm-jm-19.0\ldecod\debug_x64_vc11\transform8x8.sbr
f:\jm-decode\jm_decode\jm-jm-19.0\jm-jm-19.0\ldecod\debug_x64_vc11\transform8x8.obj
f:\jm-decode\jm_decode\jm-jm-19.0\jm-jm-19.0\ldecod\debug_x64_vc11\mbuffer_common.sbr
f:\jm-decode\jm_decode\jm-jm-19.0\jm-jm-19.0\ldecod\debug_x64_vc11\mbuffer_common.obj
f:\jm-decode\jm_decode\jm-jm-19.0\jm-jm-19.0\ldecod\debug_x64_vc11\win32.sbr
f:\jm-decode\jm_decode\jm-jm-19.0\jm-jm-19.0\ldecod\debug_x64_vc11\win32.obj
f:\jm-decode\jm_decode\jm-jm-19.0\jm-jm-19.0\ldecod\debug_x64_vc11\decoder_test.sbr
f:\jm-decode\jm_decode\jm-jm-19.0\jm-jm-19.0\ldecod\debug_x64_vc11\decoder_test.obj
f:\jm-decode\jm_decode\jm-jm-19.0\jm-jm-19.0\ldecod\debug_x64_vc11\header.sbr
f:\jm-decode\jm_decode\jm-jm-19.0\jm-jm-19.0\ldecod\debug_x64_vc11\header.obj
f:\jm-decode\jm_decode\jm-jm-19.0\jm-jm-19.0\ldecod\debug_x64_vc11\intra8x8_pred_mbaff.sbr
f:\jm-decode\jm_decode\jm-jm-19.0\jm-jm-19.0\ldecod\debug_x64_vc11\intra8x8_pred_mbaff.obj
f:\jm-decode\jm_decode\jm-jm-19.0\jm-jm-19.0\ldecod\debug_x64_vc11\mbuffer_mvc.sbr
f:\jm-decode\jm_decode\jm-jm-19.0\jm-jm-19.0\ldecod\debug_x64_vc11\mbuffer_mvc.obj
f:\jm-decode\jm_decode\jm-jm-19.0\jm-jm-19.0\ldecod\debug_x64_vc11\quant.sbr
f:\jm-decode\jm_decode\jm-jm-19.0\jm-jm-19.0\ldecod\debug_x64_vc11\quant.obj
f:\jm-decode\jm_decode\jm-jm-19.0\jm-jm-19.0\ldecod\debug_x64_vc11\io_raw.sbr
f:\jm-decode\jm_decode\jm-jm-19.0\jm-jm-19.0\ldecod\debug_x64_vc11\io_raw.obj
f:\jm-decode\jm_decode\jm-jm-19.0\jm-jm-19.0\ldecod\debug_x64_vc11\nalucommon.sbr
f:\jm-decode\jm_decode\jm-jm-19.0\jm-jm-19.0\ldecod\debug_x64_vc11\nalucommon.obj
f:\jm-decode\jm_decode\jm-jm-19.0\jm-jm-19.0\ldecod\debug_x64_vc11\configfile.sbr
f:\jm-decode\jm_decode\jm-jm-19.0\jm-jm-19.0\ldecod\debug_x64_vc11\configfile.obj
f:\jm-decode\jm_decode\jm-jm-19.0\jm-jm-19.0\ldecod\debug_x64_vc11\intra8x8_pred_normal.sbr
f:\jm-decode\jm_decode\jm-jm-19.0\jm-jm-19.0\ldecod\debug_x64_vc11\intra8x8_pred_normal.obj
f:\jm-decode\jm_decode\jm-jm-19.0\jm-jm-19.0\ldecod\debug_x64_vc11\macroblock.sbr
f:\jm-decode\jm_decode\jm-jm-19.0\jm-jm-19.0\ldecod\debug_x64_vc11\macroblock.obj
f:\jm-decode\jm_decode\jm-jm-19.0\jm-jm-19.0\ldecod\debug_x64_vc11\mc_direct.sbr
f:\jm-decode\jm_decode\jm-jm-19.0\jm-jm-19.0\ldecod\debug_x64_vc11\mc_direct.obj
f:\jm-decode\jm_decode\jm-jm-19.0\jm-jm-19.0\ldecod\debug_x64_vc11\read_comp_cabac.sbr
f:\jm-decode\jm_decode\jm-jm-19.0\jm-jm-19.0\ldecod\debug_x64_vc11\read_comp_cabac.obj
f:\jm-decode\jm_decode\jm-jm-19.0\jm-jm-19.0\ldecod\debug_x64_vc11\blk_prediction.sbr
f:\jm-decode\jm_decode\jm-jm-19.0\jm-jm-19.0\ldecod\debug_x64_vc11\blk_prediction.obj
f:\jm-decode\jm_decode\jm-jm-19.0\jm-jm-19.0\ldecod\debug_x64_vc11\transform.sbr
f:\jm-decode\jm_decode\jm-jm-19.0\jm-jm-19.0\ldecod\debug_x64_vc11\transform.obj
f:\jm-decode\jm_decode\jm-jm-19.0\jm-jm-19.0\ldecod\debug_x64_vc11\context_ini.sbr
f:\jm-decode\jm_decode\jm-jm-19.0\jm-jm-19.0\ldecod\debug_x64_vc11\context_ini.obj
f:\jm-decode\jm_decode\jm-jm-19.0\jm-jm-19.0\ldecod\debug_x64_vc11\fmo.sbr
f:\jm-decode\jm_decode\jm-jm-19.0\jm-jm-19.0\ldecod\debug_x64_vc11\fmo.obj
f:\jm-decode\jm_decode\jm-jm-19.0\jm-jm-19.0\ldecod\debug_x64_vc11\intra4x4_pred.sbr
f:\jm-decode\jm_decode\jm-jm-19.0\jm-jm-19.0\ldecod\debug_x64_vc11\intra4x4_pred.obj
f:\jm-decode\jm_decode\jm-jm-19.0\jm-jm-19.0\ldecod\debug_x64_vc11\intra_chroma_pred_mbaff.sbr
f:\jm-decode\jm_decode\jm-jm-19.0\jm-jm-19.0\ldecod\debug_x64_vc11\intra_chroma_pred_mbaff.obj
f:\jm-decode\jm_decode\jm-jm-19.0\jm-jm-19.0\ldecod\debug_x64_vc11\mb_prediction.sbr
f:\jm-decode\jm_decode\jm-jm-19.0\jm-jm-19.0\ldecod\debug_x64_vc11\mb_prediction.obj
f:\jm-decode\jm_decode\jm-jm-19.0\jm-jm-19.0\ldecod\debug_x64_vc11\nalu.sbr
f:\jm-decode\jm_decode\jm-jm-19.0\jm-jm-19.0\ldecod\debug_x64_vc11\nalu.obj
f:\jm-decode\jm_decode\jm-jm-19.0\jm-jm-19.0\ldecod\debug_x64_vc11\vlc.sbr
f:\jm-decode\jm_decode\jm-jm-19.0\jm-jm-19.0\ldecod\debug_x64_vc11\vlc.obj
f:\jm-decode\jm_decode\jm-jm-19.0\jm-jm-19.0\ldecod\debug_x64_vc11\config_common.sbr
f:\jm-decode\jm_decode\jm-jm-19.0\jm-jm-19.0\ldecod\debug_x64_vc11\config_common.obj
f:\jm-decode\jm_decode\jm-jm-19.0\jm-jm-19.0\ldecod\debug_x64_vc11\annexb.sbr
f:\jm-decode\jm_decode\jm-jm-19.0\jm-jm-19.0\ldecod\debug_x64_vc11\annexb.obj
f:\jm-decode\jm_decode\jm-jm-19.0\jm-jm-19.0\ldecod\debug_x64_vc11\erc_api.sbr
f:\jm-decode\jm_decode\jm-jm-19.0\jm-jm-19.0\ldecod\debug_x64_vc11\erc_api.obj
f:\jm-decode\jm_decode\jm-jm-19.0\jm-jm-19.0\ldecod\debug_x64_vc11\intra16x16_pred.sbr
f:\jm-decode\jm_decode\jm-jm-19.0\jm-jm-19.0\ldecod\debug_x64_vc11\intra16x16_pred.obj
f:\jm-decode\jm_decode\jm-jm-19.0\jm-jm-19.0\ldecod\debug_x64_vc11\intra8x8_pred.sbr
f:\jm-decode\jm_decode\jm-jm-19.0\jm-jm-19.0\ldecod\debug_x64_vc11\intra8x8_pred.obj
f:\jm-decode\jm_decode\jm-jm-19.0\jm-jm-19.0\ldecod\debug_x64_vc11\leaky_bucket.sbr
f:\jm-decode\jm_decode\jm-jm-19.0\jm-jm-19.0\ldecod\debug_x64_vc11\leaky_bucket.obj
f:\jm-decode\jm_decode\jm-jm-19.0\jm-jm-19.0\ldecod\debug_x64_vc11\mb_read.sbr
f:\jm-decode\jm_decode\jm-jm-19.0\jm-jm-19.0\ldecod\debug_x64_vc11\mb_read.obj
f:\jm-decode\jm_decode\jm-jm-19.0\jm-jm-19.0\ldecod\debug_x64_vc11\img_process.sbr
f:\jm-decode\jm_decode\jm-jm-19.0\jm-jm-19.0\ldecod\debug_x64_vc11\img_process.obj
f:\jm-decode\jm_decode\jm-jm-19.0\jm-jm-19.0\ldecod\debug_x64_vc11\mv_prediction.sbr
f:\jm-decode\jm_decode\jm-jm-19.0\jm-jm-19.0\ldecod\debug_x64_vc11\mv_prediction.obj
f:\jm-decode\jm_decode\jm-jm-19.0\jm-jm-19.0\ldecod\debug_x64_vc11\cabac.sbr
f:\jm-decode\jm_decode\jm-jm-19.0\jm-jm-19.0\ldecod\debug_x64_vc11\cabac.obj
f:\jm-decode\jm_decode\jm-jm-19.0\jm-jm-19.0\ldecod\debug_x64_vc11\errorconcealment.sbr
f:\jm-decode\jm_decode\jm-jm-19.0\jm-jm-19.0\ldecod\debug_x64_vc11\errorconcealment.obj
f:\jm-decode\jm_decode\jm-jm-19.0\jm-jm-19.0\ldecod\debug_x64_vc11\intra4x4_pred_mbaff.sbr
f:\jm-decode\jm_decode\jm-jm-19.0\jm-jm-19.0\ldecod\debug_x64_vc11\intra4x4_pred_mbaff.obj
f:\jm-decode\jm_decode\jm-jm-19.0\jm-jm-19.0\ldecod\debug_x64_vc11\ldecod.sbr
f:\jm-decode\jm_decode\jm-jm-19.0\jm-jm-19.0\ldecod\debug_x64_vc11\ldecod.obj
f:\jm-decode\jm_decode\jm-jm-19.0\jm-jm-19.0\ldecod\debug_x64_vc11\mbuffer.sbr
f:\jm-decode\jm_decode\jm-jm-19.0\jm-jm-19.0\ldecod\debug_x64_vc11\mbuffer.obj
f:\jm-decode\jm_decode\jm-jm-19.0\jm-jm-19.0\ldecod\debug_x64_vc11\rtp.sbr
f:\jm-decode\jm_decode\jm-jm-19.0\jm-jm-19.0\ldecod\debug_x64_vc11\rtp.obj
f:\jm-decode\jm_decode\jm-jm-19.0\jm-jm-19.0\ldecod\debug_x64_vc11\input.sbr
f:\jm-decode\jm_decode\jm-jm-19.0\jm-jm-19.0\ldecod\debug_x64_vc11\input.obj
f:\jm-decode\jm_decode\jm-jm-19.0\jm-jm-19.0\ldecod\debug_x64_vc11\biaridecod.sbr
f:\jm-decode\jm_decode\jm-jm-19.0\jm-jm-19.0\ldecod\debug_x64_vc11\biaridecod.obj
f:\jm-decode\jm_decode\jm-jm-19.0\jm-jm-19.0\ldecod\debug_x64_vc11\erc_do_i.sbr
f:\jm-decode\jm_decode\jm-jm-19.0\jm-jm-19.0\ldecod\debug_x64_vc11\erc_do_i.obj
f:\jm-decode\jm_decode\jm-jm-19.0\jm-jm-19.0\ldecod\debug_x64_vc11\intra16x16_pred_mbaff.sbr
f:\jm-decode\jm_decode\jm-jm-19.0\jm-jm-19.0\ldecod\debug_x64_vc11\intra16x16_pred_mbaff.obj
f:\jm-decode\jm_decode\jm-jm-19.0\jm-jm-19.0\ldecod\debug_x64_vc11\intra_chroma_pred.sbr
f:\jm-decode\jm_decode\jm-jm-19.0\jm-jm-19.0\ldecod\debug_x64_vc11\intra_chroma_pred.obj
f:\jm-decode\jm_decode\jm-jm-19.0\jm-jm-19.0\ldecod\debug_x64_vc11\loop_filter_normal.sbr
f:\jm-decode\jm_decode\jm-jm-19.0\jm-jm-19.0\ldecod\debug_x64_vc11\loop_filter_normal.obj
f:\jm-decode\jm_decode\jm-jm-19.0\jm-jm-19.0\ldecod\debug_x64_vc11\mc_prediction.sbr
f:\jm-decode\jm_decode\jm-jm-19.0\jm-jm-19.0\ldecod\debug_x64_vc11\mc_prediction.obj
f:\jm-decode\jm_decode\jm-jm-19.0\jm-jm-19.0\ldecod\debug_x64_vc11\vc142.pdb
f:\jm-decode\jm_decode\jm-jm-19.0\jm-jm-19.0\bin\ldecod.exe
f:\jm-decode\jm_decode\jm-jm-19.0\jm-jm-19.0\bin\ldecod.ilk
f:\jm-decode\jm_decode\jm-jm-19.0\jm-jm-19.0\ldecod\debug_x64_vc11\ldecod.pdb
f:\jm-decode\jm_decode\jm-jm-19.0\jm-jm-19.0\ldecod\debug_x64_vc11\ldecod.ilk
f:\jm-decode\jm_decode\jm-jm-19.0\jm-jm-19.0\ldecod\debug_x64_vc11\ldecod.tlog\bscmake.command.1.tlog
f:\jm-decode\jm_decode\jm-jm-19.0\jm-jm-19.0\ldecod\debug_x64_vc11\ldecod.tlog\bscmake.read.1.tlog
f:\jm-decode\jm_decode\jm-jm-19.0\jm-jm-19.0\ldecod\debug_x64_vc11\ldecod.tlog\bscmake.write.1.tlog
f:\jm-decode\jm_decode\jm-jm-19.0\jm-jm-19.0\ldecod\debug_x64_vc11\ldecod.tlog\cl.command.1.tlog
f:\jm-decode\jm_decode\jm-jm-19.0\jm-jm-19.0\ldecod\debug_x64_vc11\ldecod.tlog\cl.read.1.tlog
f:\jm-decode\jm_decode\jm-jm-19.0\jm-jm-19.0\ldecod\debug_x64_vc11\ldecod.tlog\cl.write.1.tlog
f:\jm-decode\jm_decode\jm-jm-19.0\jm-jm-19.0\ldecod\debug_x64_vc11\ldecod.tlog\link.command.1.tlog
f:\jm-decode\jm_decode\jm-jm-19.0\jm-jm-19.0\ldecod\debug_x64_vc11\ldecod.tlog\link.read.1.tlog
f:\jm-decode\jm_decode\jm-jm-19.0\jm-jm-19.0\ldecod\debug_x64_vc11\ldecod.tlog\link.write.1.tlog
